05-May-18 7:39:04 PM	This log contains information about the import schema operation into project 'AdventureWorks2017' on computer 'PABLO-GRAMAJO' by user 'Pablo'.
05-May-18 7:39:04 PM	Import of database schema has started.
05-May-18 7:39:05 PM	Gathering database credentials
05-May-18 7:39:05 PM	Gathering database options
05-May-18 7:39:05 PM	Gathering generic database scoped configuration option
05-May-18 7:39:05 PM	Gathering users
05-May-18 7:39:05 PM	Gathering roles
05-May-18 7:39:05 PM	Gathering application roles
05-May-18 7:39:05 PM	Gathering role memberships
05-May-18 7:39:05 PM	Gathering filegroups
05-May-18 7:39:05 PM	Gathering full-text catalogs
05-May-18 7:39:05 PM	Gathering assemblies
05-May-18 7:39:05 PM	Gathering certificates
05-May-18 7:39:05 PM	Gathering asymmetric keys
05-May-18 7:39:05 PM	Gathering symmetric keys
05-May-18 7:39:05 PM	Gathering encrypted symmetric keys
05-May-18 7:39:05 PM	Gathering schemas
05-May-18 7:39:05 PM	Gathering XML schema collections
05-May-18 7:39:05 PM	Gathering user-defined data types
05-May-18 7:39:05 PM	Gathering user-defined types
05-May-18 7:39:05 PM	Gathering table types
05-May-18 7:39:05 PM	Gathering unique keys for table types
05-May-18 7:39:05 PM	Gathering primary keys for table types
05-May-18 7:39:05 PM	Gathering indexes for table types
05-May-18 7:39:05 PM	Gathering check constraints for table types
05-May-18 7:39:05 PM	Gathering default constraints for table types
05-May-18 7:39:05 PM	Gathering partition functions
05-May-18 7:39:05 PM	Gathering partition schemes
05-May-18 7:39:05 PM	Gathering functions
05-May-18 7:39:05 PM	Gathering encrypted functions
05-May-18 7:39:05 PM	Gathering aggregates
05-May-18 7:39:05 PM	Gathering procedures
05-May-18 7:39:05 PM	Gathering encrypted procedures
05-May-18 7:39:05 PM	Gathering tables
05-May-18 7:39:05 PM	Gathering primary keys
05-May-18 7:39:05 PM	Gathering unique constraints
05-May-18 7:39:05 PM	Gathering foreign keys
05-May-18 7:39:05 PM	Gathering default constraints
05-May-18 7:39:05 PM	Gathering check constraints
05-May-18 7:39:05 PM	Gathering views
05-May-18 7:39:05 PM	Gathering encrypted views
05-May-18 7:39:05 PM	Gathering indexes
05-May-18 7:39:05 PM	Gathering statistics
05-May-18 7:39:05 PM	Gathering full-text index stoplists
05-May-18 7:39:05 PM	Gathering search property lists
05-May-18 7:39:05 PM	Gathering search properties
05-May-18 7:39:05 PM	Gathering full-text indexes
05-May-18 7:39:05 PM	Gathering column store indexes
05-May-18 7:39:05 PM	Gathering spatial indexes
05-May-18 7:39:05 PM	Gathering XML indexes
05-May-18 7:39:05 PM	Gathering Selective XML indexes
05-May-18 7:39:05 PM	Gathering encrypted triggers
05-May-18 7:39:05 PM	Gathering triggers
05-May-18 7:39:05 PM	Gathering encrypted and clr ddl triggers
05-May-18 7:39:05 PM	Gathering ddl triggers
05-May-18 7:39:06 PM	Gathering synonyms
05-May-18 7:39:06 PM	Gathering defaults
05-May-18 7:39:06 PM	Gathering data constraint uddt bindings
05-May-18 7:39:06 PM	Gathering rules
05-May-18 7:39:06 PM	Gathering data constraint uddt bindings
05-May-18 7:39:06 PM	Gathering message types
05-May-18 7:39:06 PM	Gathering queues
05-May-18 7:39:06 PM	Gathering contracts
05-May-18 7:39:06 PM	Gathering services
05-May-18 7:39:06 PM	Gathering event notifications
05-May-18 7:39:06 PM	Gathering remote service bindings
05-May-18 7:39:06 PM	Gathering broker priorities
05-May-18 7:39:06 PM	Gathering signatures
05-May-18 7:39:06 PM	Gathering data compression options
05-May-18 7:39:06 PM	Gathering sequence types
05-May-18 7:39:06 PM	Gathering security policies
05-May-18 7:39:06 PM	Gather column encryption keys
05-May-18 7:39:06 PM	Gathering column master keys
05-May-18 7:39:06 PM	Gathering external data sources
05-May-18 7:39:06 PM	Gathering external file formats
05-May-18 7:39:06 PM	Gathering external tables
05-May-18 7:39:06 PM	Gathering extended properties
05-May-18 7:39:06 PM	Gathering credentials
05-May-18 7:39:06 PM	Gathering logins
05-May-18 7:39:06 PM	Gathering server audits
05-May-18 7:39:07 PM	Scanning project for duplicate elements
05-May-18 7:39:07 PM	Finished duplicate element processing
05-May-18 7:39:23 PM	Finished importing database.
05-May-18 7:39:23 PM	A summary of the import was saved to the following location: D:\projects\AdventureWorks2017\AdventureWorks2017\Import Schema Logs\AdventureWorks2017_20180505103904.log
05-May-18 7:39:23 PM	Click Finish to continue...
